[00:07:22.492] Global cache location '/home/arman/.cache/typescript/4.1', safe file path '/usr/local/lib/node_modules/typescript/lib/typingSafeList.json', types map path /usr/local/lib/node_modules/typescript/lib/typesMap.json
[00:07:22.495] Processing cache location '/home/arman/.cache/typescript/4.1'
[00:07:22.496] Trying to find '/home/arman/.cache/typescript/4.1/package.json'...
[00:07:22.497] Loaded content of '/home/arman/.cache/typescript/4.1/package.json': {"private":true,"dependencies":{"types-registry":"^0.1.540"}}
[00:07:22.497] Loaded content of '/home/arman/.cache/typescript/4.1/package-lock.json'
[00:07:22.497] Finished processing cache location '/home/arman/.cache/typescript/4.1'
[00:07:22.498] Process id: 397835
[00:07:22.498] NPM location: /usr/bin/npm (explicit '--npmLocation' not  provided)
[00:07:22.498] validateDefaultNpmLocation: false
[00:07:22.498] Npm config file: /home/arman/.cache/typescript/4.1/package.json
[00:07:22.498] Updating types-registry npm package...
[00:07:22.499] Exec: /usr/bin/npm install --ignore-scripts types-registry@latest
[00:07:25.829]     Succeeded. stdout:
    + types-registry@0.1.540
    updated 1 package and audited 1 package in 1.893s
found 0 vulnerabilities


[00:07:25.829] Updated types-registry npm package
[00:07:25.866] Got install request {"projectName":"/dev/null/inferredProject1*","fileNames":["/usr/local/lib/node_modules/typescript/lib/lib.es5.d.ts","/usr/local/lib/node_modules/typescript/lib/lib.es2015.d.ts","/usr/local/lib/node_modules/typescript/lib/lib.es2016.d.ts","/usr/local/lib/node_modules/typescript/lib/lib.dom.d.ts","/usr/local/lib/node_modules/typescript/lib/lib.dom.iterable.d.ts","/usr/local/lib/node_modules/typescript/lib/lib.webworker.importscripts.d.ts","/usr/local/lib/node_modules/typescript/lib/lib.scripthost.d.ts","/usr/local/lib/node_modules/typescript/lib/lib.es2015.core.d.ts","/usr/local/lib/node_modules/typescript/lib/lib.es2015.collection.d.ts","/usr/local/lib/node_modules/typescript/lib/lib.es2015.generator.d.ts","/usr/local/lib/node_modules/typescript/lib/lib.es2015.iterable.d.ts","/usr/local/lib/node_modules/typescript/lib/lib.es2015.promise.d.ts","/usr/local/lib/node_modules/typescript/lib/lib.es2015.proxy.d.ts","/usr/local/lib/node_modules/typescript/lib/lib.es2015.reflect.d.ts","/usr/local/lib/node_modules/typescript/lib/lib.es2015.symbol.d.ts","/usr/local/lib/node_modules/typescript/lib/lib.es2015.symbol.wellknown.d.ts","/usr/local/lib/node_modules/typescript/lib/lib.es2016.array.include.d.ts","/usr/local/lib/node_modules/typescript/lib/lib.es2016.full.d.ts","/home/arman/go/src/app/index.js"],"compilerOptions":{"module":1,"target":3,"jsx":1,"allowJs":true,"allowSyntheticDefaultImports":true,"allowNonTsExtensions":true,"noEmitForJsFiles":true,"maxNodeModuleJsDepth":2},"typeAcquisition":{"enable":true,"include":[],"exclude":[]},"unresolvedImports":[],"projectRootPath":"/home/arman/go/src/app","kind":"discover"}
[00:07:25.905] Loaded safelist from types map file '/usr/local/lib/node_modules/typescript/lib/typesMap.json'
[00:07:25.906] Explicitly included types: []
[00:07:25.907] Inferred typings from unresolved imports: []
[00:07:25.907] Result: {"cachedTypingPaths":[],"newTypingNames":[],"filesToWatch":["/home/arman/go/src/app/bower_components","/home/arman/go/src/app/node_modules"]}
[00:07:25.907] Finished typings discovery: {"cachedTypingPaths":[],"newTypingNames":[],"filesToWatch":["/home/arman/go/src/app/bower_components","/home/arman/go/src/app/node_modules"]}
[00:07:25.908] DirectoryWatcher:: Added:: WatchInfo: /home/arman/go/src/app/bower_components
[00:07:25.911] DirectoryWatcher:: Added:: WatchInfo: /home/arman/go/src/app/node_modules
[00:07:25.912] Sending response:
    {"projectName":"/dev/null/inferredProject1*","typeAcquisition":{"enable":true,"include":[],"exclude":[]},"compilerOptions":{"module":1,"target":3,"jsx":1,"allowJs":true,"allowSyntheticDefaultImports":true,"allowNonTsExtensions":true,"noEmitForJsFiles":true,"maxNodeModuleJsDepth":2},"typings":[],"unresolvedImports":[],"kind":"action::set"}
[00:07:25.912] Response has been sent.
[00:07:25.912] No new typings were requested as a result of typings discovery
[00:10:26.552] Got install request {"projectName":"/dev/null/inferredProject1*","fileNames":["/usr/local/lib/node_modules/typescript/lib/lib.es5.d.ts","/usr/local/lib/node_modules/typescript/lib/lib.es2015.d.ts","/usr/local/lib/node_modules/typescript/lib/lib.es2016.d.ts","/usr/local/lib/node_modules/typescript/lib/lib.dom.d.ts","/usr/local/lib/node_modules/typescript/lib/lib.dom.iterable.d.ts","/usr/local/lib/node_modules/typescript/lib/lib.webworker.importscripts.d.ts","/usr/local/lib/node_modules/typescript/lib/lib.scripthost.d.ts","/usr/local/lib/node_modules/typescript/lib/lib.es2015.core.d.ts","/usr/local/lib/node_modules/typescript/lib/lib.es2015.collection.d.ts","/usr/local/lib/node_modules/typescript/lib/lib.es2015.generator.d.ts","/usr/local/lib/node_modules/typescript/lib/lib.es2015.iterable.d.ts","/usr/local/lib/node_modules/typescript/lib/lib.es2015.promise.d.ts","/usr/local/lib/node_modules/typescript/lib/lib.es2015.proxy.d.ts","/usr/local/lib/node_modules/typescript/lib/lib.es2015.reflect.d.ts","/usr/local/lib/node_modules/typescript/lib/lib.es2015.symbol.d.ts","/usr/local/lib/node_modules/typescript/lib/lib.es2015.symbol.wellknown.d.ts","/usr/local/lib/node_modules/typescript/lib/lib.es2016.array.include.d.ts","/usr/local/lib/node_modules/typescript/lib/lib.es2016.full.d.ts","/home/arman/go/src/app/web/static/centrifuge-js/dist/centrifuge.min.js","/home/arman/go/src/app/index.js"],"compilerOptions":{"module":1,"target":3,"jsx":1,"allowJs":true,"allowSyntheticDefaultImports":true,"allowNonTsExtensions":true,"noEmitForJsFiles":true,"maxNodeModuleJsDepth":2},"typeAcquisition":{"enable":true,"include":[],"exclude":[]},"unresolvedImports":[],"projectRootPath":"/home/arman/go/src/app","kind":"discover"}
[00:10:26.553] Explicitly included types: []
[00:10:26.554] Inferred typings from unresolved imports: []
[00:10:26.554] Result: {"cachedTypingPaths":[],"newTypingNames":[],"filesToWatch":["/home/arman/go/src/app/web/static/centrifuge-js/dist/bower_components","/home/arman/go/src/app/web/static/centrifuge-js/dist/node_modules","/home/arman/go/src/app/bower_components","/home/arman/go/src/app/node_modules"]}
[00:10:26.554] Finished typings discovery: {"cachedTypingPaths":[],"newTypingNames":[],"filesToWatch":["/home/arman/go/src/app/web/static/centrifuge-js/dist/bower_components","/home/arman/go/src/app/web/static/centrifuge-js/dist/node_modules","/home/arman/go/src/app/bower_components","/home/arman/go/src/app/node_modules"]}
[00:10:26.554] DirectoryWatcher:: Added:: WatchInfo: /home/arman/go/src/app/web
[00:10:26.562] Sending response:
    {"projectName":"/dev/null/inferredProject1*","typeAcquisition":{"enable":true,"include":[],"exclude":[]},"compilerOptions":{"module":1,"target":3,"jsx":1,"allowJs":true,"allowSyntheticDefaultImports":true,"allowNonTsExtensions":true,"noEmitForJsFiles":true,"maxNodeModuleJsDepth":2},"typings":[],"unresolvedImports":[],"kind":"action::set"}
[00:10:26.562] Response has been sent.
[00:10:26.562] No new typings were requested as a result of typings discovery
[00:11:00.350] Got install request {"projectName":"/dev/null/inferredProject1*","fileNames":["/usr/local/lib/node_modules/typescript/lib/lib.es5.d.ts","/usr/local/lib/node_modules/typescript/lib/lib.es2015.d.ts","/usr/local/lib/node_modules/typescript/lib/lib.es2016.d.ts","/usr/local/lib/node_modules/typescript/lib/lib.dom.d.ts","/usr/local/lib/node_modules/typescript/lib/lib.dom.iterable.d.ts","/usr/local/lib/node_modules/typescript/lib/lib.webworker.importscripts.d.ts","/usr/local/lib/node_modules/typescript/lib/lib.scripthost.d.ts","/usr/local/lib/node_modules/typescript/lib/lib.es2015.core.d.ts","/usr/local/lib/node_modules/typescript/lib/lib.es2015.collection.d.ts","/usr/local/lib/node_modules/typescript/lib/lib.es2015.generator.d.ts","/usr/local/lib/node_modules/typescript/lib/lib.es2015.iterable.d.ts","/usr/local/lib/node_modules/typescript/lib/lib.es2015.promise.d.ts","/usr/local/lib/node_modules/typescript/lib/lib.es2015.proxy.d.ts","/usr/local/lib/node_modules/typescript/lib/lib.es2015.reflect.d.ts","/usr/local/lib/node_modules/typescript/lib/lib.es2015.symbol.d.ts","/usr/local/lib/node_modules/typescript/lib/lib.es2015.symbol.wellknown.d.ts","/usr/local/lib/node_modules/typescript/lib/lib.es2016.array.include.d.ts","/usr/local/lib/node_modules/typescript/lib/lib.es2016.full.d.ts","/home/arman/go/src/app/web/static/centrifuge-js/dist/centrifuge.min.js","/home/arman/go/src/app/index.js"],"compilerOptions":{"module":1,"target":3,"jsx":1,"allowJs":true,"allowSyntheticDefaultImports":true,"allowNonTsExtensions":true,"noEmitForJsFiles":true,"maxNodeModuleJsDepth":2},"typeAcquisition":{"enable":true,"include":[],"exclude":[]},"unresolvedImports":["module-name"],"projectRootPath":"/home/arman/go/src/app","kind":"discover"}
[00:11:00.351] Explicitly included types: []
[00:11:00.351] Inferred typings from unresolved imports: ["module-name"]
[00:11:00.352] Result: {"cachedTypingPaths":[],"newTypingNames":["module-name"],"filesToWatch":["/home/arman/go/src/app/web/static/centrifuge-js/dist/bower_components","/home/arman/go/src/app/web/static/centrifuge-js/dist/node_modules","/home/arman/go/src/app/bower_components","/home/arman/go/src/app/node_modules"]}
[00:11:00.352] Finished typings discovery: {"cachedTypingPaths":[],"newTypingNames":["module-name"],"filesToWatch":["/home/arman/go/src/app/web/static/centrifuge-js/dist/bower_components","/home/arman/go/src/app/web/static/centrifuge-js/dist/node_modules","/home/arman/go/src/app/bower_components","/home/arman/go/src/app/node_modules"]}
[00:11:00.353] Installing typings ["module-name"]
[00:11:00.354] 'module-name':: Entry for package 'module-name' does not exist in local types registry - skipping...
[00:11:00.354] All typings are known to be missing or invalid - no need to install more typings
[00:11:00.354] Sending response:
    {"projectName":"/dev/null/inferredProject1*","typeAcquisition":{"enable":true,"include":[],"exclude":[]},"compilerOptions":{"module":1,"target":3,"jsx":1,"allowJs":true,"allowSyntheticDefaultImports":true,"allowNonTsExtensions":true,"noEmitForJsFiles":true,"maxNodeModuleJsDepth":2},"typings":[],"unresolvedImports":["module-name"],"kind":"action::set"}
[00:11:00.354] Response has been sent.
[00:11:15.571] Got install request {"projectName":"/dev/null/inferredProject1*","fileNames":["/usr/local/lib/node_modules/typescript/lib/lib.es5.d.ts","/usr/local/lib/node_modules/typescript/lib/lib.es2015.d.ts","/usr/local/lib/node_modules/typescript/lib/lib.es2016.d.ts","/usr/local/lib/node_modules/typescript/lib/lib.dom.d.ts","/usr/local/lib/node_modules/typescript/lib/lib.dom.iterable.d.ts","/usr/local/lib/node_modules/typescript/lib/lib.webworker.importscripts.d.ts","/usr/local/lib/node_modules/typescript/lib/lib.scripthost.d.ts","/usr/local/lib/node_modules/typescript/lib/lib.es2015.core.d.ts","/usr/local/lib/node_modules/typescript/lib/lib.es2015.collection.d.ts","/usr/local/lib/node_modules/typescript/lib/lib.es2015.generator.d.ts","/usr/local/lib/node_modules/typescript/lib/lib.es2015.iterable.d.ts","/usr/local/lib/node_modules/typescript/lib/lib.es2015.promise.d.ts","/usr/local/lib/node_modules/typescript/lib/lib.es2015.proxy.d.ts","/usr/local/lib/node_modules/typescript/lib/lib.es2015.reflect.d.ts","/usr/local/lib/node_modules/typescript/lib/lib.es2015.symbol.d.ts","/usr/local/lib/node_modules/typescript/lib/lib.es2015.symbol.wellknown.d.ts","/usr/local/lib/node_modules/typescript/lib/lib.es2016.array.include.d.ts","/usr/local/lib/node_modules/typescript/lib/lib.es2016.full.d.ts","/home/arman/go/src/app/index.js"],"compilerOptions":{"module":1,"target":3,"jsx":1,"allowJs":true,"allowSyntheticDefaultImports":true,"allowNonTsExtensions":true,"noEmitForJsFiles":true,"maxNodeModuleJsDepth":2},"typeAcquisition":{"enable":true,"include":[],"exclude":[]},"unresolvedImports":["module-name"],"projectRootPath":"/home/arman/go/src/app","kind":"discover"}
[00:11:15.572] Explicitly included types: []
[00:11:15.572] Inferred typings from unresolved imports: ["module-name"]
[00:11:15.572] Result: {"cachedTypingPaths":[],"newTypingNames":["module-name"],"filesToWatch":["/home/arman/go/src/app/bower_components","/home/arman/go/src/app/node_modules"]}
[00:11:15.572] Finished typings discovery: {"cachedTypingPaths":[],"newTypingNames":["module-name"],"filesToWatch":["/home/arman/go/src/app/bower_components","/home/arman/go/src/app/node_modules"]}
[00:11:15.572] DirectoryWatcher:: Closed:: WatchInfo: /home/arman/go/src/app/web
[00:11:15.573] Installing typings ["module-name"]
[00:11:15.573] 'module-name':: Entry for package 'module-name' does not exist in local types registry - skipping...
[00:11:15.573] All typings are known to be missing or invalid - no need to install more typings
[00:11:15.573] Sending response:
    {"projectName":"/dev/null/inferredProject1*","typeAcquisition":{"enable":true,"include":[],"exclude":[]},"compilerOptions":{"module":1,"target":3,"jsx":1,"allowJs":true,"allowSyntheticDefaultImports":true,"allowNonTsExtensions":true,"noEmitForJsFiles":true,"maxNodeModuleJsDepth":2},"typings":[],"unresolvedImports":["module-name"],"kind":"action::set"}
[00:11:15.573] Response has been sent.
[00:11:17.455] Got install request {"projectName":"/dev/null/inferredProject1*","fileNames":["/usr/local/lib/node_modules/typescript/lib/lib.es5.d.ts","/usr/local/lib/node_modules/typescript/lib/lib.es2015.d.ts","/usr/local/lib/node_modules/typescript/lib/lib.es2016.d.ts","/usr/local/lib/node_modules/typescript/lib/lib.dom.d.ts","/usr/local/lib/node_modules/typescript/lib/lib.dom.iterable.d.ts","/usr/local/lib/node_modules/typescript/lib/lib.webworker.importscripts.d.ts","/usr/local/lib/node_modules/typescript/lib/lib.scripthost.d.ts","/usr/local/lib/node_modules/typescript/lib/lib.es2015.core.d.ts","/usr/local/lib/node_modules/typescript/lib/lib.es2015.collection.d.ts","/usr/local/lib/node_modules/typescript/lib/lib.es2015.generator.d.ts","/usr/local/lib/node_modules/typescript/lib/lib.es2015.iterable.d.ts","/usr/local/lib/node_modules/typescript/lib/lib.es2015.promise.d.ts","/usr/local/lib/node_modules/typescript/lib/lib.es2015.proxy.d.ts","/usr/local/lib/node_modules/typescript/lib/lib.es2015.reflect.d.ts","/usr/local/lib/node_modules/typescript/lib/lib.es2015.symbol.d.ts","/usr/local/lib/node_modules/typescript/lib/lib.es2015.symbol.wellknown.d.ts","/usr/local/lib/node_modules/typescript/lib/lib.es2016.array.include.d.ts","/usr/local/lib/node_modules/typescript/lib/lib.es2016.full.d.ts","/home/arman/go/src/app/web/static/centrifuge-js/dist/centrifuge.min.js","/home/arman/go/src/app/index.js"],"compilerOptions":{"module":1,"target":3,"jsx":1,"allowJs":true,"allowSyntheticDefaultImports":true,"allowNonTsExtensions":true,"noEmitForJsFiles":true,"maxNodeModuleJsDepth":2},"typeAcquisition":{"enable":true,"include":[],"exclude":[]},"unresolvedImports":[],"projectRootPath":"/home/arman/go/src/app","kind":"discover"}
[00:11:17.455] Explicitly included types: []
[00:11:17.456] Inferred typings from unresolved imports: []
[00:11:17.456] Result: {"cachedTypingPaths":[],"newTypingNames":[],"filesToWatch":["/home/arman/go/src/app/web/static/centrifuge-js/dist/bower_components","/home/arman/go/src/app/web/static/centrifuge-js/dist/node_modules","/home/arman/go/src/app/bower_components","/home/arman/go/src/app/node_modules"]}
[00:11:17.456] Finished typings discovery: {"cachedTypingPaths":[],"newTypingNames":[],"filesToWatch":["/home/arman/go/src/app/web/static/centrifuge-js/dist/bower_components","/home/arman/go/src/app/web/static/centrifuge-js/dist/node_modules","/home/arman/go/src/app/bower_components","/home/arman/go/src/app/node_modules"]}
[00:11:17.457] DirectoryWatcher:: Added:: WatchInfo: /home/arman/go/src/app/web
[00:11:17.461] Sending response:
    {"projectName":"/dev/null/inferredProject1*","typeAcquisition":{"enable":true,"include":[],"exclude":[]},"compilerOptions":{"module":1,"target":3,"jsx":1,"allowJs":true,"allowSyntheticDefaultImports":true,"allowNonTsExtensions":true,"noEmitForJsFiles":true,"maxNodeModuleJsDepth":2},"typings":[],"unresolvedImports":[],"kind":"action::set"}
[00:11:17.461] Response has been sent.
[00:11:17.461] No new typings were requested as a result of typings discovery
[00:11:38.241] Got install request {"projectName":"/dev/null/inferredProject1*","fileNames":["/usr/local/lib/node_modules/typescript/lib/lib.es5.d.ts","/usr/local/lib/node_modules/typescript/lib/lib.es2015.d.ts","/usr/local/lib/node_modules/typescript/lib/lib.es2016.d.ts","/usr/local/lib/node_modules/typescript/lib/lib.dom.d.ts","/usr/local/lib/node_modules/typescript/lib/lib.dom.iterable.d.ts","/usr/local/lib/node_modules/typescript/lib/lib.webworker.importscripts.d.ts","/usr/local/lib/node_modules/typescript/lib/lib.scripthost.d.ts","/usr/local/lib/node_modules/typescript/lib/lib.es2015.core.d.ts","/usr/local/lib/node_modules/typescript/lib/lib.es2015.collection.d.ts","/usr/local/lib/node_modules/typescript/lib/lib.es2015.generator.d.ts","/usr/local/lib/node_modules/typescript/lib/lib.es2015.iterable.d.ts","/usr/local/lib/node_modules/typescript/lib/lib.es2015.promise.d.ts","/usr/local/lib/node_modules/typescript/lib/lib.es2015.proxy.d.ts","/usr/local/lib/node_modules/typescript/lib/lib.es2015.reflect.d.ts","/usr/local/lib/node_modules/typescript/lib/lib.es2015.symbol.d.ts","/usr/local/lib/node_modules/typescript/lib/lib.es2015.symbol.wellknown.d.ts","/usr/local/lib/node_modules/typescript/lib/lib.es2016.array.include.d.ts","/usr/local/lib/node_modules/typescript/lib/lib.es2016.full.d.ts","/home/arman/go/src/app/index.js"],"compilerOptions":{"module":1,"target":3,"jsx":1,"allowJs":true,"allowSyntheticDefaultImports":true,"allowNonTsExtensions":true,"noEmitForJsFiles":true,"maxNodeModuleJsDepth":2},"typeAcquisition":{"enable":true,"include":[],"exclude":[]},"unresolvedImports":[],"projectRootPath":"/home/arman/go/src/app","kind":"discover"}
[00:11:38.242] Explicitly included types: []
[00:11:38.243] Inferred typings from unresolved imports: []
[00:11:38.243] Result: {"cachedTypingPaths":[],"newTypingNames":[],"filesToWatch":["/home/arman/go/src/app/bower_components","/home/arman/go/src/app/node_modules"]}
[00:11:38.243] Finished typings discovery: {"cachedTypingPaths":[],"newTypingNames":[],"filesToWatch":["/home/arman/go/src/app/bower_components","/home/arman/go/src/app/node_modules"]}
[00:11:38.243] DirectoryWatcher:: Closed:: WatchInfo: /home/arman/go/src/app/web
[00:11:38.244] Sending response:
    {"projectName":"/dev/null/inferredProject1*","typeAcquisition":{"enable":true,"include":[],"exclude":[]},"compilerOptions":{"module":1,"target":3,"jsx":1,"allowJs":true,"allowSyntheticDefaultImports":true,"allowNonTsExtensions":true,"noEmitForJsFiles":true,"maxNodeModuleJsDepth":2},"typings":[],"unresolvedImports":[],"kind":"action::set"}
[00:11:38.244] Response has been sent.
[00:11:38.244] No new typings were requested as a result of typings discovery
