[09:51:15.072] Global cache location '/home/arman/.cache/typescript/4.1', safe file path '/usr/local/lib/node_modules/typescript/lib/typingSafeList.json', types map path /usr/local/lib/node_modules/typescript/lib/typesMap.json
[09:51:15.087] Processing cache location '/home/arman/.cache/typescript/4.1'
[09:51:15.087] Trying to find '/home/arman/.cache/typescript/4.1/package.json'...
[09:51:15.106] Loaded content of '/home/arman/.cache/typescript/4.1/package.json': {"private":true,"dependencies":{"types-registry":"^0.1.540"}}
[09:51:15.106] Loaded content of '/home/arman/.cache/typescript/4.1/package-lock.json'
[09:51:15.106] Finished processing cache location '/home/arman/.cache/typescript/4.1'
[09:51:15.107] Process id: 410691
[09:51:15.107] NPM location: /usr/bin/npm (explicit '--npmLocation' not  provided)
[09:51:15.107] validateDefaultNpmLocation: false
[09:51:15.107] Npm config file: /home/arman/.cache/typescript/4.1/package.json
[09:51:15.107] Updating types-registry npm package...
[09:51:15.108] Exec: /usr/bin/npm install --ignore-scripts types-registry@latest
[09:51:25.395]     Succeeded. stdout:
    + types-registry@0.1.540
    updated 1 package and audited 1 package in 7.057s
found 0 vulnerabilities


[09:51:25.396] Updated types-registry npm package
[09:51:25.432] Got install request {"projectName":"/dev/null/inferredProject1*","fileNames":["/usr/local/lib/node_modules/typescript/lib/lib.es5.d.ts","/usr/local/lib/node_modules/typescript/lib/lib.es2015.d.ts","/usr/local/lib/node_modules/typescript/lib/lib.es2016.d.ts","/usr/local/lib/node_modules/typescript/lib/lib.dom.d.ts","/usr/local/lib/node_modules/typescript/lib/lib.dom.iterable.d.ts","/usr/local/lib/node_modules/typescript/lib/lib.webworker.importscripts.d.ts","/usr/local/lib/node_modules/typescript/lib/lib.scripthost.d.ts","/usr/local/lib/node_modules/typescript/lib/lib.es2015.core.d.ts","/usr/local/lib/node_modules/typescript/lib/lib.es2015.collection.d.ts","/usr/local/lib/node_modules/typescript/lib/lib.es2015.generator.d.ts","/usr/local/lib/node_modules/typescript/lib/lib.es2015.iterable.d.ts","/usr/local/lib/node_modules/typescript/lib/lib.es2015.promise.d.ts","/usr/local/lib/node_modules/typescript/lib/lib.es2015.proxy.d.ts","/usr/local/lib/node_modules/typescript/lib/lib.es2015.reflect.d.ts","/usr/local/lib/node_modules/typescript/lib/lib.es2015.symbol.d.ts","/usr/local/lib/node_modules/typescript/lib/lib.es2015.symbol.wellknown.d.ts","/usr/local/lib/node_modules/typescript/lib/lib.es2016.array.include.d.ts","/usr/local/lib/node_modules/typescript/lib/lib.es2016.full.d.ts","/home/arman/go/src/app/index.js"],"compilerOptions":{"module":1,"target":3,"jsx":1,"allowJs":true,"allowSyntheticDefaultImports":true,"allowNonTsExtensions":true,"noEmitForJsFiles":true,"maxNodeModuleJsDepth":2},"typeAcquisition":{"enable":true,"include":[],"exclude":[]},"unresolvedImports":[],"projectRootPath":"/home/arman/go/src/app","kind":"discover"}
[09:51:25.473] Loaded safelist from types map file '/usr/local/lib/node_modules/typescript/lib/typesMap.json'
[09:51:25.474] Explicitly included types: []
[09:51:25.476] Inferred typings from unresolved imports: []
[09:51:25.476] Result: {"cachedTypingPaths":[],"newTypingNames":[],"filesToWatch":["/home/arman/go/src/app/bower_components","/home/arman/go/src/app/node_modules"]}
[09:51:25.476] Finished typings discovery: {"cachedTypingPaths":[],"newTypingNames":[],"filesToWatch":["/home/arman/go/src/app/bower_components","/home/arman/go/src/app/node_modules"]}
[09:51:25.476] DirectoryWatcher:: Added:: WatchInfo: /home/arman/go/src/app/bower_components
[09:51:25.479] DirectoryWatcher:: Added:: WatchInfo: /home/arman/go/src/app/node_modules
[09:51:25.480] Sending response:
    {"projectName":"/dev/null/inferredProject1*","typeAcquisition":{"enable":true,"include":[],"exclude":[]},"compilerOptions":{"module":1,"target":3,"jsx":1,"allowJs":true,"allowSyntheticDefaultImports":true,"allowNonTsExtensions":true,"noEmitForJsFiles":true,"maxNodeModuleJsDepth":2},"typings":[],"unresolvedImports":[],"kind":"action::set"}
[09:51:25.481] Response has been sent.
[09:51:25.481] No new typings were requested as a result of typings discovery
