[16:31:51.604] Global cache location '/home/arman/.cache/typescript/4.1', safe file path '/usr/local/lib/node_modules/typescript/lib/typingSafeList.json', types map path /usr/local/lib/node_modules/typescript/lib/typesMap.json
[16:31:51.607] Processing cache location '/home/arman/.cache/typescript/4.1'
[16:31:51.608] Trying to find '/home/arman/.cache/typescript/4.1/package.json'...
[16:31:51.643] Loaded content of '/home/arman/.cache/typescript/4.1/package.json': {"private":true,"dependencies":{"types-registry":"^0.1.540"}}
[16:31:51.643] Loaded content of '/home/arman/.cache/typescript/4.1/package-lock.json'
[16:31:51.643] Finished processing cache location '/home/arman/.cache/typescript/4.1'
[16:31:51.644] Process id: 455305
[16:31:51.644] NPM location: /usr/bin/npm (explicit '--npmLocation' not  provided)
[16:31:51.644] validateDefaultNpmLocation: false
[16:31:51.645] Npm config file: /home/arman/.cache/typescript/4.1/package.json
[16:31:51.645] Updating types-registry npm package...
[16:31:51.645] Exec: /usr/bin/npm install --ignore-scripts types-registry@latest
[16:31:59.299]     Succeeded. stdout:
    + types-registry@0.1.540
    updated 1 package and audited 1 package in 2.964s
found 0 vulnerabilities


[16:31:59.300] Updated types-registry npm package
[16:31:59.334] Got install request {"projectName":"/dev/null/inferredProject1*","fileNames":["/usr/local/lib/node_modules/typescript/lib/lib.es5.d.ts","/usr/local/lib/node_modules/typescript/lib/lib.es2015.d.ts","/usr/local/lib/node_modules/typescript/lib/lib.es2016.d.ts","/usr/local/lib/node_modules/typescript/lib/lib.dom.d.ts","/usr/local/lib/node_modules/typescript/lib/lib.dom.iterable.d.ts","/usr/local/lib/node_modules/typescript/lib/lib.webworker.importscripts.d.ts","/usr/local/lib/node_modules/typescript/lib/lib.scripthost.d.ts","/usr/local/lib/node_modules/typescript/lib/lib.es2015.core.d.ts","/usr/local/lib/node_modules/typescript/lib/lib.es2015.collection.d.ts","/usr/local/lib/node_modules/typescript/lib/lib.es2015.generator.d.ts","/usr/local/lib/node_modules/typescript/lib/lib.es2015.iterable.d.ts","/usr/local/lib/node_modules/typescript/lib/lib.es2015.promise.d.ts","/usr/local/lib/node_modules/typescript/lib/lib.es2015.proxy.d.ts","/usr/local/lib/node_modules/typescript/lib/lib.es2015.reflect.d.ts","/usr/local/lib/node_modules/typescript/lib/lib.es2015.symbol.d.ts","/usr/local/lib/node_modules/typescript/lib/lib.es2015.symbol.wellknown.d.ts","/usr/local/lib/node_modules/typescript/lib/lib.es2016.array.include.d.ts","/usr/local/lib/node_modules/typescript/lib/lib.es2016.full.d.ts","/home/arman/go/src/app/index.js"],"compilerOptions":{"module":1,"target":3,"jsx":1,"allowJs":true,"allowSyntheticDefaultImports":true,"allowNonTsExtensions":true,"noEmitForJsFiles":true,"maxNodeModuleJsDepth":2},"typeAcquisition":{"enable":true,"include":[],"exclude":[]},"unresolvedImports":[],"projectRootPath":"/home/arman/go/src/app","kind":"discover"}
[16:31:59.385] Loaded safelist from types map file '/usr/local/lib/node_modules/typescript/lib/typesMap.json'
[16:31:59.387] Explicitly included types: []
[16:31:59.389] Inferred typings from unresolved imports: []
[16:31:59.389] Result: {"cachedTypingPaths":[],"newTypingNames":[],"filesToWatch":["/home/arman/go/src/app/bower_components","/home/arman/go/src/app/node_modules"]}
[16:31:59.389] Finished typings discovery: {"cachedTypingPaths":[],"newTypingNames":[],"filesToWatch":["/home/arman/go/src/app/bower_components","/home/arman/go/src/app/node_modules"]}
[16:31:59.390] DirectoryWatcher:: Added:: WatchInfo: /home/arman/go/src/app/bower_components
[16:31:59.395] DirectoryWatcher:: Added:: WatchInfo: /home/arman/go/src/app/node_modules
[16:31:59.396] Sending response:
    {"projectName":"/dev/null/inferredProject1*","typeAcquisition":{"enable":true,"include":[],"exclude":[]},"compilerOptions":{"module":1,"target":3,"jsx":1,"allowJs":true,"allowSyntheticDefaultImports":true,"allowNonTsExtensions":true,"noEmitForJsFiles":true,"maxNodeModuleJsDepth":2},"typings":[],"unresolvedImports":[],"kind":"action::set"}
[16:31:59.397] Response has been sent.
[16:31:59.397] No new typings were requested as a result of typings discovery
[19:22:26.461] DirectoryWatcher:: Triggered with /home/arman/go/src/app/node_modules :: WatchInfo: /home/arman/go/src/app/node_modules recursive :: handler is already invoked 'false'
[19:22:31.101] DirectoryWatcher:: Triggered with /home/arman/go/src/app/node_modules/pbjs/LICENSE.md :: WatchInfo: /home/arman/go/src/app/node_modules recursive :: handler is already invoked 'false'
[19:22:31.109] DirectoryWatcher:: Triggered with /home/arman/go/src/app/node_modules/pbjs/README.md :: WatchInfo: /home/arman/go/src/app/node_modules recursive :: handler is already invoked 'false'
[19:22:31.109] DirectoryWatcher:: Triggered with /home/arman/go/src/app/node_modules/pbjs/cli.js :: WatchInfo: /home/arman/go/src/app/node_modules recursive :: handler is already invoked 'false'
[19:22:31.109] DirectoryWatcher:: Triggered with /home/arman/go/src/app/node_modules/pbjs/cli.ts :: WatchInfo: /home/arman/go/src/app/node_modules recursive :: handler is already invoked 'false'
[19:22:31.109] DirectoryWatcher:: Triggered with /home/arman/go/src/app/node_modules/pbjs/generate.js :: WatchInfo: /home/arman/go/src/app/node_modules recursive :: handler is already invoked 'false'
[19:22:31.109] DirectoryWatcher:: Triggered with /home/arman/go/src/app/node_modules/pbjs/generate.ts :: WatchInfo: /home/arman/go/src/app/node_modules recursive :: handler is already invoked 'false'
[19:22:31.109] DirectoryWatcher:: Triggered with /home/arman/go/src/app/node_modules/pbjs/index.d.ts :: WatchInfo: /home/arman/go/src/app/node_modules recursive :: handler is already invoked 'false'
[19:22:31.109] DirectoryWatcher:: Triggered with /home/arman/go/src/app/node_modules/pbjs/index.js :: WatchInfo: /home/arman/go/src/app/node_modules recursive :: handler is already invoked 'false'
[19:22:31.109] DirectoryWatcher:: Triggered with /home/arman/go/src/app/node_modules/pbjs/index.ts :: WatchInfo: /home/arman/go/src/app/node_modules recursive :: handler is already invoked 'false'
[19:22:31.109] DirectoryWatcher:: Triggered with /home/arman/go/src/app/node_modules/pbjs/package.json :: WatchInfo: /home/arman/go/src/app/node_modules recursive :: handler is already invoked 'false'
[19:22:31.169] Sending response:
    {"projectName":"/dev/null/inferredProject1*","kind":"action::invalidate"}
[19:22:31.234] Response has been sent.
[19:22:31.234] DirectoryWatcher:: Triggered with /home/arman/go/src/app/node_modules/pbjs/protocol-buffers-schema.d.ts :: WatchInfo: /home/arman/go/src/app/node_modules recursive :: handler is already invoked 'true'
[19:22:31.235] DirectoryWatcher:: Triggered with /home/arman/go/src/app/node_modules/pbjs/test.js :: WatchInfo: /home/arman/go/src/app/node_modules recursive :: handler is already invoked 'true'
[19:22:31.235] DirectoryWatcher:: Triggered with /home/arman/go/src/app/node_modules/pbjs/test.proto :: WatchInfo: /home/arman/go/src/app/node_modules recursive :: handler is already invoked 'true'
[19:22:31.235] DirectoryWatcher:: Triggered with /home/arman/go/src/app/node_modules/pbjs/test.proto.es5.js :: WatchInfo: /home/arman/go/src/app/node_modules recursive :: handler is already invoked 'true'
[19:22:31.235] DirectoryWatcher:: Triggered with /home/arman/go/src/app/node_modules/pbjs/test.proto.es6.js :: WatchInfo: /home/arman/go/src/app/node_modules recursive :: handler is already invoked 'true'
[19:22:31.235] DirectoryWatcher:: Triggered with /home/arman/go/src/app/node_modules/pbjs/test.proto.js :: WatchInfo: /home/arman/go/src/app/node_modules recursive :: handler is already invoked 'true'
[19:22:31.248] DirectoryWatcher:: Triggered with /home/arman/go/src/app/node_modules/pbjs/test.proto.ts :: WatchInfo: /home/arman/go/src/app/node_modules recursive :: handler is already invoked 'true'
[19:22:31.248] DirectoryWatcher:: Triggered with /home/arman/go/src/app/node_modules/pbjs/test.ts :: WatchInfo: /home/arman/go/src/app/node_modules recursive :: handler is already invoked 'true'
[19:22:31.248] DirectoryWatcher:: Triggered with /home/arman/go/src/app/node_modules/pbjs/tsconfig.json :: WatchInfo: /home/arman/go/src/app/node_modules recursive :: handler is already invoked 'true'
[19:22:31.248] DirectoryWatcher:: Triggered with /home/arman/go/src/app/node_modules/pbjs/pbjs :: WatchInfo: /home/arman/go/src/app/node_modules recursive :: handler is already invoked 'true'
[19:22:31.248] DirectoryWatcher:: Triggered with /home/arman/go/src/app/node_modules/pbjs/pbjs :: WatchInfo: /home/arman/go/src/app/node_modules recursive :: handler is already invoked 'true'
[19:22:31.248] DirectoryWatcher:: Triggered with /home/arman/go/src/app/node_modules/pbjs :: WatchInfo: /home/arman/go/src/app/node_modules recursive :: handler is already invoked 'true'
[19:22:31.248] DirectoryWatcher:: Triggered with /home/arman/go/src/app/node_modules/pbjs :: WatchInfo: /home/arman/go/src/app/node_modules recursive :: handler is already invoked 'true'
[19:22:33.807] Got install request {"projectName":"/dev/null/inferredProject1*","fileNames":["/usr/local/lib/node_modules/typescript/lib/lib.es5.d.ts","/usr/local/lib/node_modules/typescript/lib/lib.es2015.d.ts","/usr/local/lib/node_modules/typescript/lib/lib.es2016.d.ts","/usr/local/lib/node_modules/typescript/lib/lib.dom.d.ts","/usr/local/lib/node_modules/typescript/lib/lib.dom.iterable.d.ts","/usr/local/lib/node_modules/typescript/lib/lib.webworker.importscripts.d.ts","/usr/local/lib/node_modules/typescript/lib/lib.scripthost.d.ts","/usr/local/lib/node_modules/typescript/lib/lib.es2015.core.d.ts","/usr/local/lib/node_modules/typescript/lib/lib.es2015.collection.d.ts","/usr/local/lib/node_modules/typescript/lib/lib.es2015.generator.d.ts","/usr/local/lib/node_modules/typescript/lib/lib.es2015.iterable.d.ts","/usr/local/lib/node_modules/typescript/lib/lib.es2015.promise.d.ts","/usr/local/lib/node_modules/typescript/lib/lib.es2015.proxy.d.ts","/usr/local/lib/node_modules/typescript/lib/lib.es2015.reflect.d.ts","/usr/local/lib/node_modules/typescript/lib/lib.es2015.symbol.d.ts","/usr/local/lib/node_modules/typescript/lib/lib.es2015.symbol.wellknown.d.ts","/usr/local/lib/node_modules/typescript/lib/lib.es2016.array.include.d.ts","/usr/local/lib/node_modules/typescript/lib/lib.es2016.full.d.ts","/home/arman/go/src/app/index.js"],"compilerOptions":{"module":1,"target":3,"jsx":1,"allowJs":true,"allowSyntheticDefaultImports":true,"allowNonTsExtensions":true,"noEmitForJsFiles":true,"maxNodeModuleJsDepth":2},"typeAcquisition":{"enable":true,"include":[],"exclude":[]},"unresolvedImports":[],"projectRootPath":"/home/arman/go/src/app","kind":"discover"}
[19:22:33.853] Explicitly included types: []
[19:22:34.073] Searching for typing names in /home/arman/go/src/app/node_modules; all files: ["/home/arman/go/src/app/node_modules/commander/package.json","/home/arman/go/src/app/node_modules/pbjs/package.json","/home/arman/go/src/app/node_modules/pbjs/tsconfig.json","/home/arman/go/src/app/node_modules/protocol-buffers-schema/package.json"]
[19:22:34.559]     Package 'pbjs' provides its own types.
[19:22:34.565]     Found package names: []
[19:22:34.578] Inferred typings from unresolved imports: []
[19:22:34.605] Result: {"cachedTypingPaths":["/home/arman/go/src/app/node_modules/pbjs/index.d.ts"],"newTypingNames":[],"filesToWatch":["/home/arman/go/src/app/bower_components","/home/arman/go/src/app/node_modules"]}
[19:22:34.605] Finished typings discovery: {"cachedTypingPaths":["/home/arman/go/src/app/node_modules/pbjs/index.d.ts"],"newTypingNames":[],"filesToWatch":["/home/arman/go/src/app/bower_components","/home/arman/go/src/app/node_modules"]}
[19:22:34.634] Sending response:
    {"projectName":"/dev/null/inferredProject1*","typeAcquisition":{"enable":true,"include":[],"exclude":[]},"compilerOptions":{"module":1,"target":3,"jsx":1,"allowJs":true,"allowSyntheticDefaultImports":true,"allowNonTsExtensions":true,"noEmitForJsFiles":true,"maxNodeModuleJsDepth":2},"typings":["/home/arman/go/src/app/node_modules/pbjs/index.d.ts"],"unresolvedImports":[],"kind":"action::set"}
[19:22:34.647] Response has been sent.
[19:22:34.647] No new typings were requested as a result of typings discovery
[19:22:51.257] Got install request {"projectName":"/dev/null/inferredProject1*","fileNames":["/usr/local/lib/node_modules/typescript/lib/lib.es5.d.ts","/usr/local/lib/node_modules/typescript/lib/lib.es2015.d.ts","/usr/local/lib/node_modules/typescript/lib/lib.es2016.d.ts","/usr/local/lib/node_modules/typescript/lib/lib.dom.d.ts","/usr/local/lib/node_modules/typescript/lib/lib.dom.iterable.d.ts","/usr/local/lib/node_modules/typescript/lib/lib.webworker.importscripts.d.ts","/usr/local/lib/node_modules/typescript/lib/lib.scripthost.d.ts","/usr/local/lib/node_modules/typescript/lib/lib.es2015.core.d.ts","/usr/local/lib/node_modules/typescript/lib/lib.es2015.collection.d.ts","/usr/local/lib/node_modules/typescript/lib/lib.es2015.generator.d.ts","/usr/local/lib/node_modules/typescript/lib/lib.es2015.iterable.d.ts","/usr/local/lib/node_modules/typescript/lib/lib.es2015.promise.d.ts","/usr/local/lib/node_modules/typescript/lib/lib.es2015.proxy.d.ts","/usr/local/lib/node_modules/typescript/lib/lib.es2015.reflect.d.ts","/usr/local/lib/node_modules/typescript/lib/lib.es2015.symbol.d.ts","/usr/local/lib/node_modules/typescript/lib/lib.es2015.symbol.wellknown.d.ts","/usr/local/lib/node_modules/typescript/lib/lib.es2016.array.include.d.ts","/usr/local/lib/node_modules/typescript/lib/lib.es2016.full.d.ts","/home/arman/go/src/app/index.js","/home/arman/go/src/app/node_modules/pbjs/index.d.ts"],"compilerOptions":{"module":1,"target":3,"jsx":1,"allowJs":true,"allowSyntheticDefaultImports":true,"allowNonTsExtensions":true,"noEmitForJsFiles":true,"maxNodeModuleJsDepth":2},"typeAcquisition":{"enable":true,"include":[],"exclude":[]},"unresolvedImports":[],"projectRootPath":"/home/arman/go/src/app","kind":"discover"}
[19:22:51.258] Explicitly included types: []
[19:22:51.260] Searching for typing names in /home/arman/go/src/app/node_modules; all files: ["/home/arman/go/src/app/node_modules/commander/package.json","/home/arman/go/src/app/node_modules/pbjs/package.json","/home/arman/go/src/app/node_modules/pbjs/tsconfig.json","/home/arman/go/src/app/node_modules/protocol-buffers-schema/package.json"]
[19:22:51.267]     Package 'pbjs' provides its own types.
[19:22:51.277]     Found package names: []
[19:22:51.278] Inferred typings from unresolved imports: []
[19:22:51.278] Result: {"cachedTypingPaths":["/home/arman/go/src/app/node_modules/pbjs/index.d.ts"],"newTypingNames":[],"filesToWatch":["/home/arman/go/src/app/bower_components","/home/arman/go/src/app/node_modules"]}
[19:22:51.278] Finished typings discovery: {"cachedTypingPaths":["/home/arman/go/src/app/node_modules/pbjs/index.d.ts"],"newTypingNames":[],"filesToWatch":["/home/arman/go/src/app/bower_components","/home/arman/go/src/app/node_modules"]}
[19:22:52.505] Sending response:
    {"projectName":"/dev/null/inferredProject1*","typeAcquisition":{"enable":true,"include":[],"exclude":[]},"compilerOptions":{"module":1,"target":3,"jsx":1,"allowJs":true,"allowSyntheticDefaultImports":true,"allowNonTsExtensions":true,"noEmitForJsFiles":true,"maxNodeModuleJsDepth":2},"typings":["/home/arman/go/src/app/node_modules/pbjs/index.d.ts"],"unresolvedImports":[],"kind":"action::set"}
[19:22:52.506] Response has been sent.
[19:22:52.506] No new typings were requested as a result of typings discovery
