2021/06/05 10:22:33 ..............main.go:11: [INFO]  Trying to connect to mysql...
2021/06/05 10:22:33 ..............main.go:18: [FATAL] dial tcp 127.0.0.1:26223: connect: connection refused
2021/06/05 10:22:33 ..............main.go:11: [INFO]  Trying to connect to mysql...
2021/06/05 10:22:33 ..............main.go:11: [INFO]  Trying to connect to mysql...
2021/06/05 10:22:33 ..............main.go:18: [FATAL] dial tcp 127.0.0.1:26223: connect: connection refused
2021/06/05 10:22:33 ..............main.go:11: [INFO]  Trying to connect to mysql...
2021/06/05 10:22:33 ..............main.go:18: [INFO]  Successfull connected to InnoDB Cluster
2021/06/05 10:22:33 ..............main.go:18: [INFO]  Successfull connected to InnoDB Cluster
2021/06/05 10:22:33 ...change_username.go:18: [INFO]  Trying change username of user
2021/06/05 10:22:33 ...........notify.go:345: [WARN]  notify: telegram: http timeout
2021/06/05 10:22:33 on_change_username.go:18: [ERROR] username changing faild: cluster is locked now
2021/06/05 10:22:33 ..............main.go:11: [INFO]  Trying to connect to mysql...
2021/06/05 10:22:33 ..............main.go:18: [FATAL] dial tcp 127.0.0.1:26223: connect: connection refused
2021/06/05 10:22:33 ..............main.go:11: [INFO]  Trying to connect to mysql...
2021/06/05 10:22:33 ..............main.go:18: [INFO]  Successfull connected to InnoDB Cluster
2021/06/05 10:22:33 ...change_username.go:18: [INFO]  Trying change username of user
2021/06/05 10:22:33 ..............main.go:18: [INFO]  Successfull connected to InnoDB Cluster
2021/06/05 10:22:33 ...change_username.go:18: [INFO]  Trying change username of user
2021/06/05 10:22:33 ...........notify.go:345: [WARN]  notify: telegram: http timeout
2021/06/05 10:22:33 on_change_username.go:18: [ERROR] username changing faild: cluster is locked now
2021/06/05 10:22:33 ..............main.go:11: [INFO]  Trying to connect to mysql...
2021/06/05 10:22:33 ..............main.go:18: [FATAL] dial tcp 127.0.0.1:26223: connect: connection refused
2021/06/05 10:22:33 ..............main.go:11: [INFO]  Trying to connect to mysql...
2021/06/05 10:22:33 ..............main.go:18: [INFO]  Successfull connected to InnoDB Cluster
2021/06/05 10:22:33 ...change_username.go:18: [INFO]  Trying change username of user
2021/06/05 10:22:33 ...........notify.go:345: [WARN]  notify: telegram: http timeout
2021/06/05 10:22:33 on_change_username.go:18: [ERROR] username changing faild: cluster is locked now
2021/06/05 10:22:33 ...........notify.go:345: [WARN]  notify: telegram: http timeout
2021/06/05 10:22:33 on_change_username.go:18: [ERROR] username changing faild: cluster is locked now
2021/06/05 10:22:33 ...change_username.go:18: [INFO]  Trying change username of user
2021/06/05 10:22:33 ...........notify.go:345: [WARN]  notify: telegram: http timeout
2021/06/05 10:22:33 on_change_username.go:18: [ERROR] username changing faild: cluster is locked now
2021/06/05 10:22:33 ..............main.go:11: [INFO]  Trying to connect to mysql...
2021/06/05 10:22:33 ..............main.go:18: [FATAL] dial tcp 127.0.0.1:26223: connect: connection refused
2021/06/05 10:22:33 ..............main.go:11: [INFO]  Trying to connect to mysql...
2021/06/05 10:22:33 ..............main.go:18: [INFO]  Successfull connected to InnoDB Cluster
2021/06/05 10:22:33 ...change_username.go:18: [INFO]  Trying change username of user
2021/06/05 10:22:33 ...........notify.go:345: [WARN]  notify: telegram: http timeout
2021/06/05 10:22:33 on_change_username.go:18: [ERROR] username changing faild: cluster is locked now
2021/06/05 10:22:33 ..............main.go:18: [INFO]  Successfull connected to InnoDB Cluster
2021/06/05 10:22:33 ..............main.go:18: [INFO]  Successfull connected to InnoDB Cluster
2021/06/05 10:22:33 ...change_username.go:18: [INFO]  Trying change username of user
2021/06/05 10:22:33 ...........notify.go:345: [WARN]  notify: telegram: http timeout
2021/06/05 10:22:33 on_change_username.go:18: [ERROR] username changing faild: cluster is locked now
2021/06/05 10:22:33 ..............main.go:11: [INFO]  Trying to connect to mysql...
2021/06/05 10:22:33 ..............main.go:18: [FATAL] dial tcp 127.0.0.1:26223: connect: connection refused
2021/06/05 10:22:33 ..............main.go:11: [INFO]  Trying to connect to mysql...
2021/06/05 10:22:33 ..............main.go:18: [INFO]  Successfull connected to InnoDB Cluster
2021/06/05 10:22:33 ...change_username.go:18: [INFO]  Trying change username of user
2021/06/05 10:22:33 ..............main.go:18: [INFO]  Successfull connected to InnoDB Cluster
2021/06/05 10:22:33 ...change_username.go:18: [INFO]  Trying change username of user
2021/06/05 10:22:33 ...........notify.go:345: [WARN]  notify: telegram: http timeout
2021/06/05 10:22:33 on_change_username.go:18: [ERROR] username changing faild: cluster is locked now
2021/06/05 10:22:33 ..............main.go:11: [INFO]  Trying to connect to mysql...
2021/06/05 10:22:33 ..............main.go:18: [FATAL] dial tcp 127.0.0.1:26223: connect: connection refused
2021/06/05 10:22:33 ..............main.go:11: [INFO]  Trying to connect to mysql...
2021/06/05 10:22:33 ..............main.go:18: [INFO]  Successfull connected to InnoDB Cluster
2021/06/05 10:22:33 ...change_username.go:18: [INFO]  Trying change username of user
2021/06/05 10:22:33 ...........notify.go:345: [WARN]  notify: telegram: http timeout
2021/06/05 10:22:33 on_change_username.go:18: [ERROR] username changing faild: cluster is locked now
2021/06/05 10:22:33 ...........notify.go:345: [WARN]  notify: telegram: http timeout
2021/06/05 10:22:33 on_change_username.go:18: [ERROR] username changing faild: cluster is locked now
2021/06/05 10:22:33 ...change_username.go:18: [INFO]  Trying change username of user
2021/06/05 10:22:33 ...........notify.go:345: [WARN]  notify: telegram: http timeout
2021/06/05 10:22:33 on_change_username.go:18: [ERROR] username changing faild: cluster is locked now
2021/06/05 10:22:33 ..............main.go:11: [INFO]  Trying to connect to mysql...
2021/06/05 10:22:33 ..............main.go:18: [FATAL] dial tcp 127.0.0.1:26223: connect: connection refused
2021/06/05 10:22:33 ..............main.go:11: [INFO]  Trying to connect to mysql...
2021/06/05 10:22:33 ..............main.go:18: [INFO]  Successfull connected to InnoDB Cluster
2021/06/05 10:22:33 ...change_username.go:18: [INFO]  Trying change username of user
2021/06/05 10:22:33 ...........notify.go:345: [WARN]  notify: telegram: http timeout
2021/06/05 10:22:33 on_change_username.go:18: [ERROR] username changing faild: cluster is locked now
